<?xml version="1.0"?>
<testsuites>
  <testsuite name="Firefox 19.0 (Mac)" package="undefined" timestamp="2013-04-05T05:06:29" id="0" hostname="GerongZhaxi.local" tests="0" errors="0" failures="0" time="0">
    <properties>
      <property name="browser.fullName" value="Mozilla/5.0 (Macintosh; Intel Mac OS X 10.7; rv:19.0) Gecko/20100101 Firefox/19.0"/>
    </properties>
    <system-out><![CDATA[
]]></system-out>
    <system-err/>
  </testsuite>
</testsuites>
